{
  "stats": {
    "tests": 3,
    "passes": 3,
    "failures": 0,
    "duration": 1356,
    "start": "2019-08-16T00:10:03.877Z",
    "end": "2019-08-16T00:10:05.233Z"
  },
  "failures": [],
  "passes": [
    {
      "title": "UserStore tests – should update the userData state",
      "fullTitle": "UserStore tests",
      "duration": 736,
      "errorCount": 0
    },
    {
      "title": "UserStore tests – should return the computed fullName",
      "fullTitle": "UserStore tests",
      "duration": 736,
      "errorCount": 0
    },
    {
      "title": "UserStore tests – should make a call to verify the address",
      "fullTitle": "UserStore tests",
      "duration": 736,
      "errorCount": 0
    }
  ],
  "skipped": []
}